<?xml version="1.0" encoding="UTF-8"?>
<!-- Generated by org.testng.reporters.JUnitXMLReporter -->
<testsuite ignored="0" hostname="Manishs-MacBook-Pro.local" failures="1" tests="3" name="Parameters Testing" time="0.063" errors="0" timestamp="2022-05-30T17:18:40 IST">
  <testcase classname="com.vf.demos.ParametersTest" name="testLoginScreen" time="0.011"/>
  <testcase classname="com.vf.demos.ParametersTest" name="testLoginScreenFromDataProvider" time="0.001"/>
  <testcase classname="com.vf.demos.ParametersTest" name="testLoginScreenFromDataProvider" time="0.004">
    <failure type="java.lang.AssertionError" message="expected [12345] but found [1234]">
      <![CDATA[java.lang.AssertionError: expected [12345] but found [1234]
at com.vf.demos.ParametersTest.testLoginScreenFromDataProvider(ParametersTest.java:28)
at java.base/java.util.ArrayList.forEach(ArrayList.java:1541)
... Removed 33 stack frames]]>
    </failure>
  </testcase> <!-- testLoginScreenFromDataProvider -->
</testsuite> <!-- Parameters Testing -->
