<?xml version="1.0" encoding="UTF-8"?>
<!-- Generated by org.testng.reporters.JUnitXMLReporter -->
<testsuite ignored="0" hostname="Manishs-MacBook-Pro.local" failures="0" tests="1" name="Default test" time="19.493" errors="0" timestamp="06 Jun 2022 09:28:41 GMT">
  <testcase classname="com.selenium.demos.SeleniumDemos.SeleniumGridTest" name="@BeforeMethod before" time="19.434">
    <failure type="org.openqa.selenium.SessionNotCreatedException" message="Could not start a new session. Response code 500. Message: Could not start a new session. Could not start a new session. Error while creating session with the driver service. Stopping driver service: Could not start a new session. Response code 500. Message: Process unexpectedly closed with status 0
Build info: version: &amp;apos;4.1.2&amp;apos;, revision: &amp;apos;9a5a329c5a&amp;apos;
System info: host: &amp;apos;Manishs-MacBook-Pro.local&amp;apos;, ip: &amp;apos;2405:201:21:41ca:e196:a72b:5946:d48f%en0&amp;apos;, os.name: &amp;apos;Mac OS X&amp;apos;, os.arch: &amp;apos;x86_64&amp;apos;, os.version: &amp;apos;11.3&amp;apos;, java.version: &amp;apos;11.0.12&amp;apos;
Driver info: driver.version: unknown
Build info: version: &amp;apos;4.1.2&amp;apos;, revision: &amp;apos;9a5a329c5a&amp;apos;
System info: host: &amp;apos;Manishs-MacBook-Pro.local&amp;apos;, ip: &amp;apos;2405:201:21:41ca:e196:a72b:5946:d48f%en0&amp;apos;, os.name: &amp;apos;Mac OS X&amp;apos;, os.arch: &amp;apos;x86_64&amp;apos;, os.version: &amp;apos;11.3&amp;apos;, java.version: &amp;apos;11.0.12&amp;apos;
Driver info: driver.version: unknown
Build info: version: &amp;apos;4.1.2&amp;apos;, revision: &amp;apos;9a5a329c5a&amp;apos;
System info: host: &amp;apos;Manishs-MacBook-Pro.local&amp;apos;, ip: &amp;apos;2405:201:21:41ca:e196:a72b:5946:d48f%en0&amp;apos;, os.name: &amp;apos;Mac OS X&amp;apos;, os.arch: &amp;apos;x86_64&amp;apos;, os.version: &amp;apos;11.3&amp;apos;, java.version: &amp;apos;11.0.12&amp;apos;
Driver info: driver.version: unknown
Build info: version: &amp;apos;4.2.0&amp;apos;, revision: &amp;apos;86eb611648&amp;apos;
System info: host: &amp;apos;Manishs-MacBook-Pro.local&amp;apos;, ip: &amp;apos;2405:201:21:41ca:e196:a72b:5946:d48f%en0&amp;apos;, os.name: &amp;apos;Mac OS X&amp;apos;, os.arch: &amp;apos;x86_64&amp;apos;, os.version: &amp;apos;11.3&amp;apos;, java.version: &amp;apos;11.0.12&amp;apos;
Driver info: org.openqa.selenium.remote.RemoteWebDriver
Command: [null, newSession {capabilities=[Capabilities {browserName: firefox}], desiredCapabilities=Capabilities {browserName: firefox}}]
Capabilities {}">
      <![CDATA[org.openqa.selenium.SessionNotCreatedException: Could not start a new session. Response code 500. Message: Could not start a new session. Could not start a new session. Error while creating session with the driver service. Stopping driver service: Could not start a new session. Response code 500. Message: Process unexpectedly closed with status 0
Build info: version: '4.1.2', revision: '9a5a329c5a'
System info: host: 'Manishs-MacBook-Pro.local', ip: '2405:201:21:41ca:e196:a72b:5946:d48f%en0', os.name: 'Mac OS X', os.arch: 'x86_64', os.version: '11.3', java.version: '11.0.12'
Driver info: driver.version: unknown
Build info: version: '4.1.2', revision: '9a5a329c5a'
System info: host: 'Manishs-MacBook-Pro.local', ip: '2405:201:21:41ca:e196:a72b:5946:d48f%en0', os.name: 'Mac OS X', os.arch: 'x86_64', os.version: '11.3', java.version: '11.0.12'
Driver info: driver.version: unknown
Build info: version: '4.1.2', revision: '9a5a329c5a'
System info: host: 'Manishs-MacBook-Pro.local', ip: '2405:201:21:41ca:e196:a72b:5946:d48f%en0', os.name: 'Mac OS X', os.arch: 'x86_64', os.version: '11.3', java.version: '11.0.12'
Driver info: driver.version: unknown
Build info: version: '4.2.0', revision: '86eb611648'
System info: host: 'Manishs-MacBook-Pro.local', ip: '2405:201:21:41ca:e196:a72b:5946:d48f%en0', os.name: 'Mac OS X', os.arch: 'x86_64', os.version: '11.3', java.version: '11.0.12'
Driver info: org.openqa.selenium.remote.RemoteWebDriver
Command: [null, newSession {capabilities=[Capabilities {browserName: firefox}], desiredCapabilities=Capabilities {browserName: firefox}}]
Capabilities {}
at org.openqa.selenium.remote.ProtocolHandshake.createSession(ProtocolHandshake.java:144)
at org.openqa.selenium.remote.ProtocolHandshake.createSession(ProtocolHandshake.java:102)
at org.openqa.selenium.remote.ProtocolHandshake.createSession(ProtocolHandshake.java:67)
at org.openqa.selenium.remote.HttpCommandExecutor.execute(HttpCommandExecutor.java:156)
at org.openqa.selenium.remote.TracedCommandExecutor.execute(TracedCommandExecutor.java:51)
at org.openqa.selenium.remote.RemoteWebDriver.execute(RemoteWebDriver.java:566)
at org.openqa.selenium.remote.RemoteWebDriver.startSession(RemoteWebDriver.java:247)
at org.openqa.selenium.remote.RemoteWebDriver.<init>(RemoteWebDriver.java:163)
at org.openqa.selenium.remote.RemoteWebDriver.<init>(RemoteWebDriver.java:145)
at com.selenium.demos.SeleniumDemos.SeleniumGridTest.before(SeleniumGridTest.java:27)
at java.base/jdk.internal.reflect.NativeMethodAccessorImpl.invoke0(Native Method)
at java.base/jdk.internal.reflect.NativeMethodAccessorImpl.invoke(NativeMethodAccessorImpl.java:62)
at java.base/jdk.internal.reflect.DelegatingMethodAccessorImpl.invoke(DelegatingMethodAccessorImpl.java:43)
at java.base/java.lang.reflect.Method.invoke(Method.java:566)
at org.testng.internal.MethodInvocationHelper.invokeMethod(MethodInvocationHelper.java:124)
at org.testng.internal.MethodInvocationHelper.invokeMethodConsideringTimeout(MethodInvocationHelper.java:59)
at org.testng.internal.Invoker.invokeConfigurationMethod(Invoker.java:455)
at org.testng.internal.Invoker.invokeConfigurations(Invoker.java:222)
at org.testng.internal.Invoker.invokeMethod(Invoker.java:520)
at org.testng.internal.Invoker.invokeTestMethod(Invoker.java:716)
at org.testng.internal.Invoker.invokeTestMethods(Invoker.java:988)
at org.testng.internal.TestMethodWorker.invokeTestMethods(TestMethodWorker.java:125)
at org.testng.internal.TestMethodWorker.run(TestMethodWorker.java:109)
at org.testng.TestRunner.privateRun(TestRunner.java:648)
at org.testng.TestRunner.run(TestRunner.java:505)
at org.testng.SuiteRunner.runTest(SuiteRunner.java:455)
at org.testng.SuiteRunner.runSequentially(SuiteRunner.java:450)
at org.testng.SuiteRunner.privateRun(SuiteRunner.java:415)
at org.testng.SuiteRunner.run(SuiteRunner.java:364)
at org.testng.SuiteRunnerWorker.runSuite(SuiteRunnerWorker.java:52)
at org.testng.SuiteRunnerWorker.run(SuiteRunnerWorker.java:84)
at org.testng.TestNG.runSuitesSequentially(TestNG.java:1208)
at org.testng.TestNG.runSuitesLocally(TestNG.java:1137)
at org.testng.TestNG.runSuites(TestNG.java:1049)
at org.testng.TestNG.run(TestNG.java:1017)
at org.testng.remote.AbstractRemoteTestNG.run(AbstractRemoteTestNG.java:115)
at org.testng.remote.RemoteTestNG.initAndRun(RemoteTestNG.java:251)
at org.testng.remote.RemoteTestNG.main(RemoteTestNG.java:77)
]]>
    </failure>
  </testcase> <!-- @BeforeMethod before -->
  <testcase classname="com.selenium.demos.SeleniumDemos.SeleniumGridTest" name="@AfterMethod after" time="0.0">
    <skipped/>
  </testcase> <!-- @AfterMethod after -->
  <testcase classname="com.selenium.demos.SeleniumDemos.SeleniumGridTest" name="testHubNode" time="0.0">
    <skipped/>
  </testcase> <!-- testHubNode -->
</testsuite> <!-- Default test -->
